<?xml version="1.0" encoding="utf-8"?><testsuites name="pytest tests"><testsuite name="pytest" errors="0" failures="0" skipped="0" tests="10" time="4.069" timestamp="2026-05-12T17:41:34.701430+00:00" hostname="agent-env-e7be817a-47da-41f8-b158-81eaa6188d90"><testcase classname="backend.tests.test_reservations" name="test_root" time="0.589" /><testcase classname="backend.tests.test_reservations" name="test_list_reservations_returns_list" time="0.142" /><testcase classname="backend.tests.test_reservations" name="test_create_1h_reservation_and_persist" time="0.328" /><testcase classname="backend.tests.test_reservations" name="test_create_2h_reservation" time="0.131" /><testcase classname="backend.tests.test_reservations" name="test_conflict_409_1h_vs_existing_1h" time="0.172" /><testcase classname="backend.tests.test_reservations" name="test_conflict_409_2h_overlapping_1h" time="0.137" /><testcase classname="backend.tests.test_reservations" name="test_invalid_duration" time="0.225" /><testcase classname="backend.tests.test_reservations" name="test_invalid_2h_at_23" time="0.146" /><testcase classname="backend.tests.test_reservations" name="test_cancel_wrong_user_403_then_correct_user_200" time="0.588" /><testcase classname="backend.tests.test_reservations" name="test_queue_join_owner_rejected_and_duplicate_409" time="1.362" /></testsuite></testsuites>