<?xml version="1.0" encoding="utf-8"?><testsuites name="pytest tests"><testsuite name="pytest" errors="0" failures="0" skipped="0" tests="12" time="5.230" timestamp="2026-05-12T17:49:11.521797+00:00" hostname="agent-env-e7be817a-47da-41f8-b158-81eaa6188d90"><testcase classname="backend.tests.test_reservations" name="test_root" time="0.605" /><testcase classname="backend.tests.test_reservations" name="test_list_reservations_returns_list" time="0.153" /><testcase classname="backend.tests.test_reservations" name="test_create_1h_reservation_and_persist" time="0.322" /><testcase classname="backend.tests.test_reservations" name="test_create_2h_reservation" time="0.132" /><testcase classname="backend.tests.test_reservations" name="test_conflict_409_1h_vs_existing_1h" time="0.135" /><testcase classname="backend.tests.test_reservations" name="test_conflict_409_2h_overlapping_1h" time="0.164" /><testcase classname="backend.tests.test_reservations" name="test_invalid_duration" time="0.179" /><testcase classname="backend.tests.test_reservations" name="test_invalid_2h_at_23" time="0.136" /><testcase classname="backend.tests.test_reservations" name="test_cancel_wrong_user_403_then_correct_user_200" time="0.522" /><testcase classname="backend.tests.test_reservations" name="test_queue_join_owner_rejected_and_duplicate_409" time="0.729" /><testcase classname="backend.tests.test_reservations" name="test_cancel_with_queue_promotes_first_in_queue" time="0.986" /><testcase classname="backend.tests.test_reservations" name="test_cancel_with_empty_queue_deletes" time="0.927" /></testsuite></testsuites>